14:35:43.306 [main] INFO  c.e.WaffleSpnegoDemoApplication - Starting WaffleSpnegoDemoApplication using Java 17.0.2 with PID 56556 (/Users/jacobcohen/Desktop/software/projects/java/_ge/waffle-spnego-demo/build/classes/java/main started by jacobcohen in /Users/jacobcohen/Desktop/software/projects/java/_ge/waffle-spnego-demo)
14:35:43.307 [main] INFO  c.e.WaffleSpnegoDemoApplication - No active profile set, falling back to 1 default profile: "default"
14:35:43.721 [main] INFO  o.s.b.w.e.tomcat.TomcatWebServer - Tomcat initialized with port 9090 (http)
14:35:43.727 [main] INFO  o.a.coyote.http11.Http11NioProtocol - Initializing ProtocolHandler ["http-nio-9090"]
14:35:43.727 [main] INFO  o.a.catalina.core.StandardService - Starting service [Tomcat]
14:35:43.727 [main] INFO  o.a.catalina.core.StandardEngine - Starting Servlet engine: [Apache Tomcat/10.1.41]
14:35:43.750 [main] INFO  o.a.c.c.C.[Tomcat].[localhost].[/] - Initializing Spring embedded WebApplicationContext
14:35:43.750 [main] INFO  o.s.b.w.s.c.ServletWebServerApplicationContext - Root WebApplicationContext: initialization completed in 426 ms
14:35:43.768 [main] INFO  w.s.s.SecurityFilterProviderCollection - using 'waffle.servlet.spi.NegotiateSecurityFilterProvider'
14:35:43.769 [main] DEBUG w.spring.NegotiateSecurityFilter - [waffle.spring.NegotiateSecurityFilter] loaded
14:35:43.793 [main] DEBUG w.spring.NegotiateSecurityFilter - Filter 'waffleNegotiateSecurityFilter' configured for use
14:35:43.806 [main] DEBUG w.s.NegotiateSecurityFilterEntryPoint - [waffle.spring.NegotiateEntryPoint] loaded
14:35:43.894 [main] WARN  o.s.b.a.s.s.UserDetailsServiceAutoConfiguration - 

Using generated security password: 8fbb077b-e3be-4655-8b0b-1c42189570e4

This generated password is for development use only. Your security configuration must be updated before running your application in production.

14:35:43.896 [main] INFO  o.s.s.c.a.a.c.InitializeUserDetailsBeanManagerConfigurer$InitializeUserDetailsManagerConfigurer - Global AuthenticationManager configured with UserDetailsService bean with name inMemoryUserDetailsManager
14:35:43.926 [main] DEBUG o.s.s.web.DefaultSecurityFilterChain - Will secure Or [Mvc [pattern='/**']] with filters: DisableEncodeUrlFilter, WebAsyncManagerIntegrationFilter, SecurityContextHolderFilter, HeaderWriterFilter, NegotiateSecurityFilter, RequestCacheAwareFilter, SecurityContextHolderAwareRequestFilter, AnonymousAuthenticationFilter, SessionManagementFilter, ExceptionTranslationFilter, AuthorizationFilter
14:35:43.929 [main] WARN  o.s.s.c.a.web.builders.WebSecurity - You are asking Spring Security to ignore Deferred [Mvc [pattern='/static/**'], Ant [pattern='/static/**']]. This is not recommended -- please use permitAll via HttpSecurity#authorizeHttpRequests instead.
14:35:43.930 [main] DEBUG o.s.s.web.DefaultSecurityFilterChain - Will not secure Deferred [Mvc [pattern='/static/**'], Ant [pattern='/static/**']]
14:35:43.930 [main] WARN  o.s.s.c.a.web.builders.WebSecurity - You are asking Spring Security to ignore Deferred [Mvc [pattern='/favicon.ico'], Ant [pattern='/favicon.ico']]. This is not recommended -- please use permitAll via HttpSecurity#authorizeHttpRequests instead.
14:35:43.930 [main] DEBUG o.s.s.web.DefaultSecurityFilterChain - Will not secure Deferred [Mvc [pattern='/favicon.ico'], Ant [pattern='/favicon.ico']]
14:35:43.930 [main] WARN  o.s.s.c.a.web.builders.WebSecurity - You are asking Spring Security to ignore Deferred [Mvc [pattern='/error'], Ant [pattern='/error']]. This is not recommended -- please use permitAll via HttpSecurity#authorizeHttpRequests instead.
14:35:43.930 [main] DEBUG o.s.s.web.DefaultSecurityFilterChain - Will not secure Deferred [Mvc [pattern='/error'], Ant [pattern='/error']]
14:35:43.972 [main] WARN  o.s.b.a.t.ThymeleafAutoConfiguration$DefaultTemplateResolverConfiguration - Cannot find template location: classpath:/templates/ (please add some templates, check your Thymeleaf configuration, or set spring.thymeleaf.check-template-location=false)
14:35:44.009 [main] INFO  o.a.coyote.http11.Http11NioProtocol - Starting ProtocolHandler ["http-nio-9090"]
14:35:44.014 [main] WARN  o.s.b.w.s.c.AnnotationConfigServletWebServerApplicationContext - Exception encountered during context initialization - cancelling refresh attempt: org.springframework.context.ApplicationContextException: Failed to start bean 'webServerStartStop'
14:35:44.023 [main] INFO  o.s.b.a.l.ConditionEvaluationReportLogger - 

Error starting ApplicationContext. To display the condition evaluation report re-run your application with 'debug' enabled.
14:35:44.032 [main] ERROR o.s.b.d.LoggingFailureAnalysisReporter - 

***************************
APPLICATION FAILED TO START
***************************

Description:

Web server failed to start. Port 9090 was already in use.

Action:

Identify and stop the process that's listening on port 9090 or configure this application to listen on another port.

14:35:51.505 [main] INFO  c.e.WaffleSpnegoDemoApplication - Starting WaffleSpnegoDemoApplication using Java 17.0.2 with PID 56596 (/Users/jacobcohen/Desktop/software/projects/java/_ge/waffle-spnego-demo/build/classes/java/main started by jacobcohen in /Users/jacobcohen/Desktop/software/projects/java/_ge/waffle-spnego-demo)
14:35:51.506 [main] INFO  c.e.WaffleSpnegoDemoApplication - No active profile set, falling back to 1 default profile: "default"
14:35:51.877 [main] INFO  o.s.b.w.e.tomcat.TomcatWebServer - Tomcat initialized with port 9090 (http)
14:35:51.883 [main] INFO  o.a.coyote.http11.Http11NioProtocol - Initializing ProtocolHandler ["http-nio-9090"]
14:35:51.884 [main] INFO  o.a.catalina.core.StandardService - Starting service [Tomcat]
14:35:51.884 [main] INFO  o.a.catalina.core.StandardEngine - Starting Servlet engine: [Apache Tomcat/10.1.41]
14:35:51.903 [main] INFO  o.a.c.c.C.[Tomcat].[localhost].[/] - Initializing Spring embedded WebApplicationContext
14:35:51.903 [main] INFO  o.s.b.w.s.c.ServletWebServerApplicationContext - Root WebApplicationContext: initialization completed in 381 ms
14:35:51.918 [main] INFO  w.s.s.SecurityFilterProviderCollection - using 'waffle.servlet.spi.NegotiateSecurityFilterProvider'
14:35:51.920 [main] DEBUG w.spring.NegotiateSecurityFilter - [waffle.spring.NegotiateSecurityFilter] loaded
14:35:51.935 [main] DEBUG w.spring.NegotiateSecurityFilter - Filter 'waffleNegotiateSecurityFilter' configured for use
14:35:51.950 [main] DEBUG w.s.NegotiateSecurityFilterEntryPoint - [waffle.spring.NegotiateEntryPoint] loaded
14:35:52.026 [main] WARN  o.s.b.a.s.s.UserDetailsServiceAutoConfiguration - 

Using generated security password: 4c323a08-1778-4333-93bb-c1e2c8bf5303

This generated password is for development use only. Your security configuration must be updated before running your application in production.

14:35:52.029 [main] INFO  o.s.s.c.a.a.c.InitializeUserDetailsBeanManagerConfigurer$InitializeUserDetailsManagerConfigurer - Global AuthenticationManager configured with UserDetailsService bean with name inMemoryUserDetailsManager
14:35:52.055 [main] DEBUG o.s.s.web.DefaultSecurityFilterChain - Will secure Or [Mvc [pattern='/**']] with filters: DisableEncodeUrlFilter, WebAsyncManagerIntegrationFilter, SecurityContextHolderFilter, HeaderWriterFilter, NegotiateSecurityFilter, RequestCacheAwareFilter, SecurityContextHolderAwareRequestFilter, AnonymousAuthenticationFilter, SessionManagementFilter, ExceptionTranslationFilter, AuthorizationFilter
14:35:52.058 [main] WARN  o.s.s.c.a.web.builders.WebSecurity - You are asking Spring Security to ignore Deferred [Mvc [pattern='/static/**'], Ant [pattern='/static/**']]. This is not recommended -- please use permitAll via HttpSecurity#authorizeHttpRequests instead.
14:35:52.058 [main] DEBUG o.s.s.web.DefaultSecurityFilterChain - Will not secure Deferred [Mvc [pattern='/static/**'], Ant [pattern='/static/**']]
14:35:52.058 [main] WARN  o.s.s.c.a.web.builders.WebSecurity - You are asking Spring Security to ignore Deferred [Mvc [pattern='/favicon.ico'], Ant [pattern='/favicon.ico']]. This is not recommended -- please use permitAll via HttpSecurity#authorizeHttpRequests instead.
14:35:52.058 [main] DEBUG o.s.s.web.DefaultSecurityFilterChain - Will not secure Deferred [Mvc [pattern='/favicon.ico'], Ant [pattern='/favicon.ico']]
14:35:52.058 [main] WARN  o.s.s.c.a.web.builders.WebSecurity - You are asking Spring Security to ignore Deferred [Mvc [pattern='/error'], Ant [pattern='/error']]. This is not recommended -- please use permitAll via HttpSecurity#authorizeHttpRequests instead.
14:35:52.058 [main] DEBUG o.s.s.web.DefaultSecurityFilterChain - Will not secure Deferred [Mvc [pattern='/error'], Ant [pattern='/error']]
14:35:52.094 [main] WARN  o.s.b.a.t.ThymeleafAutoConfiguration$DefaultTemplateResolverConfiguration - Cannot find template location: classpath:/templates/ (please add some templates, check your Thymeleaf configuration, or set spring.thymeleaf.check-template-location=false)
14:35:52.127 [main] INFO  o.a.coyote.http11.Http11NioProtocol - Starting ProtocolHandler ["http-nio-9090"]
14:35:52.139 [main] INFO  o.s.b.w.e.tomcat.TomcatWebServer - Tomcat started on port 9090 (http) with context path '/'
14:35:52.144 [main] INFO  c.e.WaffleSpnegoDemoApplication - Started WaffleSpnegoDemoApplication in 0.789 seconds (process running for 1.059)
14:35:55.293 [http-nio-9090-exec-1] INFO  o.a.c.c.C.[Tomcat].[localhost].[/] - Initializing Spring DispatcherServlet 'dispatcherServlet'
14:35:55.293 [http-nio-9090-exec-1] INFO  o.s.web.servlet.DispatcherServlet - Initializing Servlet 'dispatcherServlet'
14:35:55.294 [http-nio-9090-exec-1] INFO  o.s.web.servlet.DispatcherServlet - Completed initialization in 1 ms
14:35:55.304 [http-nio-9090-exec-1] DEBUG o.s.security.web.FilterChainProxy - Securing GET /
14:35:55.306 [http-nio-9090-exec-1] DEBUG w.spring.NegotiateSecurityFilter - GET /, contentlength: -1
14:35:55.308 [http-nio-9090-exec-1] DEBUG o.s.s.w.a.AnonymousAuthenticationFilter - Set SecurityContextHolder to anonymous SecurityContext
14:35:55.308 [http-nio-9090-exec-1] DEBUG o.s.s.w.s.SessionManagementFilter - Request requested invalid session id 71F8174DF896BF130AB1523321FC7F46
14:35:55.308 [http-nio-9090-exec-1] DEBUG o.s.security.web.FilterChainProxy - Secured GET /
14:35:55.308 [http-nio-9090-exec-1] DEBUG w.spring.NegotiateSecurityFilter - GET /, contentlength: -1
14:35:58.063 [http-nio-9090-exec-2] DEBUG o.s.security.web.FilterChainProxy - Securing GET /
14:35:58.063 [http-nio-9090-exec-2] DEBUG w.spring.NegotiateSecurityFilter - GET /, contentlength: -1
14:35:58.063 [http-nio-9090-exec-2] DEBUG o.s.s.w.a.AnonymousAuthenticationFilter - Set SecurityContextHolder to anonymous SecurityContext
14:35:58.063 [http-nio-9090-exec-2] DEBUG o.s.security.web.FilterChainProxy - Secured GET /
14:35:58.063 [http-nio-9090-exec-2] DEBUG w.spring.NegotiateSecurityFilter - GET /, contentlength: -1
