14:37:22.337 [SpringApplicationShutdownHook] INFO  o.s.b.w.e.tomcat.GracefulShutdown - Commencing graceful shutdown. Waiting for active requests to complete
14:37:24.348 [tomcat-shutdown] INFO  o.s.b.w.e.tomcat.GracefulShutdown - Graceful shutdown complete
14:37:26.270 [main] INFO  c.e.WaffleSpnegoDemoApplication - Starting WaffleSpnegoDemoApplication using Java 17.0.2 with PID 56698 (/Users/jacobcohen/Desktop/software/projects/java/_ge/waffle-spnego-demo/build/classes/java/main started by jacobcohen in /Users/jacobcohen/Desktop/software/projects/java/_ge/waffle-spnego-demo)
14:37:26.271 [main] INFO  c.e.WaffleSpnegoDemoApplication - No active profile set, falling back to 1 default profile: "default"
14:37:26.674 [main] INFO  o.s.b.w.e.tomcat.TomcatWebServer - Tomcat initialized with port 9090 (http)
14:37:26.679 [main] INFO  o.a.coyote.http11.Http11NioProtocol - Initializing ProtocolHandler ["http-nio-9090"]
14:37:26.680 [main] INFO  o.a.catalina.core.StandardService - Starting service [Tomcat]
14:37:26.680 [main] INFO  o.a.catalina.core.StandardEngine - Starting Servlet engine: [Apache Tomcat/10.1.41]
14:37:26.699 [main] INFO  o.a.c.c.C.[Tomcat].[localhost].[/] - Initializing Spring embedded WebApplicationContext
14:37:26.699 [main] INFO  o.s.b.w.s.c.ServletWebServerApplicationContext - Root WebApplicationContext: initialization completed in 410 ms
14:37:26.721 [main] INFO  w.s.s.SecurityFilterProviderCollection - using 'waffle.servlet.spi.NegotiateSecurityFilterProvider'
14:37:26.722 [main] DEBUG w.spring.NegotiateSecurityFilter - [waffle.spring.NegotiateSecurityFilter] loaded
14:37:26.739 [main] DEBUG w.spring.NegotiateSecurityFilter - Filter 'waffleNegotiateSecurityFilter' configured for use
14:37:26.752 [main] DEBUG w.s.NegotiateSecurityFilterEntryPoint - [waffle.spring.NegotiateEntryPoint] loaded
14:37:26.826 [main] WARN  o.s.b.a.s.s.UserDetailsServiceAutoConfiguration - 

Using generated security password: b19e1bff-3490-4fec-84ce-96da1596adae

This generated password is for development use only. Your security configuration must be updated before running your application in production.

14:37:26.829 [main] INFO  o.s.s.c.a.a.c.InitializeUserDetailsBeanManagerConfigurer$InitializeUserDetailsManagerConfigurer - Global AuthenticationManager configured with UserDetailsService bean with name inMemoryUserDetailsManager
14:37:26.855 [main] DEBUG o.s.s.web.DefaultSecurityFilterChain - Will secure Or [Mvc [pattern='/**']] with filters: DisableEncodeUrlFilter, WebAsyncManagerIntegrationFilter, SecurityContextHolderFilter, HeaderWriterFilter, RequestCacheAwareFilter, SecurityContextHolderAwareRequestFilter, AnonymousAuthenticationFilter, SessionManagementFilter, ExceptionTranslationFilter, AuthorizationFilter
14:37:26.857 [main] WARN  o.s.s.c.a.web.builders.WebSecurity - You are asking Spring Security to ignore Deferred [Mvc [pattern='/static/**'], Ant [pattern='/static/**']]. This is not recommended -- please use permitAll via HttpSecurity#authorizeHttpRequests instead.
14:37:26.857 [main] DEBUG o.s.s.web.DefaultSecurityFilterChain - Will not secure Deferred [Mvc [pattern='/static/**'], Ant [pattern='/static/**']]
14:37:26.857 [main] WARN  o.s.s.c.a.web.builders.WebSecurity - You are asking Spring Security to ignore Deferred [Mvc [pattern='/favicon.ico'], Ant [pattern='/favicon.ico']]. This is not recommended -- please use permitAll via HttpSecurity#authorizeHttpRequests instead.
14:37:26.857 [main] DEBUG o.s.s.web.DefaultSecurityFilterChain - Will not secure Deferred [Mvc [pattern='/favicon.ico'], Ant [pattern='/favicon.ico']]
14:37:26.857 [main] WARN  o.s.s.c.a.web.builders.WebSecurity - You are asking Spring Security to ignore Deferred [Mvc [pattern='/error'], Ant [pattern='/error']]. This is not recommended -- please use permitAll via HttpSecurity#authorizeHttpRequests instead.
14:37:26.858 [main] DEBUG o.s.s.web.DefaultSecurityFilterChain - Will not secure Deferred [Mvc [pattern='/error'], Ant [pattern='/error']]
14:37:26.896 [main] WARN  o.s.b.a.t.ThymeleafAutoConfiguration$DefaultTemplateResolverConfiguration - Cannot find template location: classpath:/templates/ (please add some templates, check your Thymeleaf configuration, or set spring.thymeleaf.check-template-location=false)
14:37:26.929 [main] INFO  o.a.coyote.http11.Http11NioProtocol - Starting ProtocolHandler ["http-nio-9090"]
14:37:26.939 [main] INFO  o.s.b.w.e.tomcat.TomcatWebServer - Tomcat started on port 9090 (http) with context path '/'
14:37:26.945 [main] INFO  c.e.WaffleSpnegoDemoApplication - Started WaffleSpnegoDemoApplication in 0.827 seconds (process running for 1.133)
14:37:32.124 [http-nio-9090-exec-1] INFO  o.a.c.c.C.[Tomcat].[localhost].[/] - Initializing Spring DispatcherServlet 'dispatcherServlet'
14:37:32.124 [http-nio-9090-exec-1] INFO  o.s.web.servlet.DispatcherServlet - Initializing Servlet 'dispatcherServlet'
14:37:32.125 [http-nio-9090-exec-1] INFO  o.s.web.servlet.DispatcherServlet - Completed initialization in 1 ms
14:37:32.134 [http-nio-9090-exec-1] DEBUG o.s.security.web.FilterChainProxy - Securing GET /
14:37:32.136 [http-nio-9090-exec-1] DEBUG o.s.s.w.a.AnonymousAuthenticationFilter - Set SecurityContextHolder to anonymous SecurityContext
14:37:32.137 [http-nio-9090-exec-1] DEBUG o.s.security.web.FilterChainProxy - Secured GET /
14:37:32.137 [http-nio-9090-exec-1] DEBUG w.spring.NegotiateSecurityFilter - GET /, contentlength: -1
14:37:34.589 [http-nio-9090-exec-2] DEBUG o.s.security.web.FilterChainProxy - Securing GET /protected
14:37:34.590 [http-nio-9090-exec-2] DEBUG o.s.s.w.a.AnonymousAuthenticationFilter - Set SecurityContextHolder to anonymous SecurityContext
14:37:34.591 [http-nio-9090-exec-2] DEBUG w.s.NegotiateSecurityFilterEntryPoint - [waffle.spring.NegotiateEntryPoint] commence
14:37:35.683 [http-nio-9090-exec-3] DEBUG o.s.security.web.FilterChainProxy - Securing GET /protected
14:37:35.684 [http-nio-9090-exec-3] DEBUG o.s.s.w.a.AnonymousAuthenticationFilter - Set SecurityContextHolder to anonymous SecurityContext
14:37:35.684 [http-nio-9090-exec-3] DEBUG w.s.NegotiateSecurityFilterEntryPoint - [waffle.spring.NegotiateEntryPoint] commence
14:37:35.685 [http-nio-9090-exec-4] DEBUG o.s.security.web.FilterChainProxy - Securing GET /protected
14:37:35.685 [http-nio-9090-exec-4] DEBUG o.s.s.w.a.AnonymousAuthenticationFilter - Set SecurityContextHolder to anonymous SecurityContext
14:37:35.685 [http-nio-9090-exec-4] DEBUG w.s.NegotiateSecurityFilterEntryPoint - [waffle.spring.NegotiateEntryPoint] commence
14:37:36.115 [http-nio-9090-exec-5] DEBUG o.s.security.web.FilterChainProxy - Securing GET /protected
14:37:36.115 [http-nio-9090-exec-5] DEBUG o.s.s.w.a.AnonymousAuthenticationFilter - Set SecurityContextHolder to anonymous SecurityContext
14:37:36.116 [http-nio-9090-exec-5] DEBUG w.s.NegotiateSecurityFilterEntryPoint - [waffle.spring.NegotiateEntryPoint] commence
14:37:36.118 [http-nio-9090-exec-6] DEBUG o.s.security.web.FilterChainProxy - Securing GET /protected
14:37:36.118 [http-nio-9090-exec-6] DEBUG o.s.s.w.a.AnonymousAuthenticationFilter - Set SecurityContextHolder to anonymous SecurityContext
14:37:36.119 [http-nio-9090-exec-6] DEBUG w.s.NegotiateSecurityFilterEntryPoint - [waffle.spring.NegotiateEntryPoint] commence
14:37:36.555 [http-nio-9090-exec-7] DEBUG o.s.security.web.FilterChainProxy - Securing GET /protected
14:37:36.556 [http-nio-9090-exec-7] DEBUG o.s.s.w.a.AnonymousAuthenticationFilter - Set SecurityContextHolder to anonymous SecurityContext
14:37:36.557 [http-nio-9090-exec-7] DEBUG w.s.NegotiateSecurityFilterEntryPoint - [waffle.spring.NegotiateEntryPoint] commence
14:37:36.560 [http-nio-9090-exec-8] DEBUG o.s.security.web.FilterChainProxy - Securing GET /protected
14:37:36.560 [http-nio-9090-exec-8] DEBUG o.s.s.w.a.AnonymousAuthenticationFilter - Set SecurityContextHolder to anonymous SecurityContext
14:37:36.560 [http-nio-9090-exec-8] DEBUG w.s.NegotiateSecurityFilterEntryPoint - [waffle.spring.NegotiateEntryPoint] commence
14:37:36.711 [http-nio-9090-exec-9] DEBUG o.s.security.web.FilterChainProxy - Securing GET /protected
14:37:36.712 [http-nio-9090-exec-9] DEBUG o.s.s.w.a.AnonymousAuthenticationFilter - Set SecurityContextHolder to anonymous SecurityContext
14:37:36.712 [http-nio-9090-exec-9] DEBUG w.s.NegotiateSecurityFilterEntryPoint - [waffle.spring.NegotiateEntryPoint] commence
14:37:36.714 [http-nio-9090-exec-10] DEBUG o.s.security.web.FilterChainProxy - Securing GET /protected
14:37:36.714 [http-nio-9090-exec-10] DEBUG o.s.s.w.a.AnonymousAuthenticationFilter - Set SecurityContextHolder to anonymous SecurityContext
14:37:36.714 [http-nio-9090-exec-10] DEBUG w.s.NegotiateSecurityFilterEntryPoint - [waffle.spring.NegotiateEntryPoint] commence
14:37:36.876 [http-nio-9090-exec-1] DEBUG o.s.security.web.FilterChainProxy - Securing GET /protected
14:37:36.876 [http-nio-9090-exec-1] DEBUG o.s.s.w.a.AnonymousAuthenticationFilter - Set SecurityContextHolder to anonymous SecurityContext
14:37:36.876 [http-nio-9090-exec-1] DEBUG w.s.NegotiateSecurityFilterEntryPoint - [waffle.spring.NegotiateEntryPoint] commence
14:37:36.887 [http-nio-9090-exec-2] DEBUG o.s.security.web.FilterChainProxy - Securing GET /protected
14:37:36.887 [http-nio-9090-exec-2] DEBUG o.s.s.w.a.AnonymousAuthenticationFilter - Set SecurityContextHolder to anonymous SecurityContext
14:37:36.888 [http-nio-9090-exec-2] DEBUG w.s.NegotiateSecurityFilterEntryPoint - [waffle.spring.NegotiateEntryPoint] commence
14:37:37.185 [http-nio-9090-exec-3] DEBUG o.s.security.web.FilterChainProxy - Securing GET /protected
14:37:37.186 [http-nio-9090-exec-3] DEBUG o.s.s.w.a.AnonymousAuthenticationFilter - Set SecurityContextHolder to anonymous SecurityContext
14:37:37.186 [http-nio-9090-exec-3] DEBUG w.s.NegotiateSecurityFilterEntryPoint - [waffle.spring.NegotiateEntryPoint] commence
14:37:37.188 [http-nio-9090-exec-4] DEBUG o.s.security.web.FilterChainProxy - Securing GET /protected
14:37:37.189 [http-nio-9090-exec-4] DEBUG o.s.s.w.a.AnonymousAuthenticationFilter - Set SecurityContextHolder to anonymous SecurityContext
14:37:37.189 [http-nio-9090-exec-4] DEBUG w.s.NegotiateSecurityFilterEntryPoint - [waffle.spring.NegotiateEntryPoint] commence
14:37:37.328 [http-nio-9090-exec-5] DEBUG o.s.security.web.FilterChainProxy - Securing GET /protected
14:37:37.328 [http-nio-9090-exec-5] DEBUG o.s.s.w.a.AnonymousAuthenticationFilter - Set SecurityContextHolder to anonymous SecurityContext
14:37:37.328 [http-nio-9090-exec-5] DEBUG w.s.NegotiateSecurityFilterEntryPoint - [waffle.spring.NegotiateEntryPoint] commence
14:37:37.330 [http-nio-9090-exec-6] DEBUG o.s.security.web.FilterChainProxy - Securing GET /protected
14:37:37.330 [http-nio-9090-exec-6] DEBUG o.s.s.w.a.AnonymousAuthenticationFilter - Set SecurityContextHolder to anonymous SecurityContext
14:37:37.330 [http-nio-9090-exec-6] DEBUG w.s.NegotiateSecurityFilterEntryPoint - [waffle.spring.NegotiateEntryPoint] commence
14:37:38.721 [http-nio-9090-exec-7] DEBUG o.s.security.web.FilterChainProxy - Securing GET /protected
14:37:38.721 [http-nio-9090-exec-7] DEBUG o.s.s.w.a.AnonymousAuthenticationFilter - Set SecurityContextHolder to anonymous SecurityContext
14:37:38.722 [http-nio-9090-exec-7] DEBUG w.s.NegotiateSecurityFilterEntryPoint - [waffle.spring.NegotiateEntryPoint] commence
14:37:38.724 [http-nio-9090-exec-8] DEBUG o.s.security.web.FilterChainProxy - Securing GET /protected
14:37:38.725 [http-nio-9090-exec-8] DEBUG o.s.s.w.a.AnonymousAuthenticationFilter - Set SecurityContextHolder to anonymous SecurityContext
14:37:38.725 [http-nio-9090-exec-8] DEBUG w.s.NegotiateSecurityFilterEntryPoint - [waffle.spring.NegotiateEntryPoint] commence
14:37:39.142 [http-nio-9090-exec-9] DEBUG o.s.security.web.FilterChainProxy - Securing GET /protected
14:37:39.142 [http-nio-9090-exec-9] DEBUG o.s.s.w.a.AnonymousAuthenticationFilter - Set SecurityContextHolder to anonymous SecurityContext
14:37:39.143 [http-nio-9090-exec-9] DEBUG w.s.NegotiateSecurityFilterEntryPoint - [waffle.spring.NegotiateEntryPoint] commence
14:37:39.149 [http-nio-9090-exec-10] DEBUG o.s.security.web.FilterChainProxy - Securing GET /protected
14:37:39.149 [http-nio-9090-exec-10] DEBUG o.s.s.w.a.AnonymousAuthenticationFilter - Set SecurityContextHolder to anonymous SecurityContext
14:37:39.149 [http-nio-9090-exec-10] DEBUG w.s.NegotiateSecurityFilterEntryPoint - [waffle.spring.NegotiateEntryPoint] commence
14:37:47.470 [SpringApplicationShutdownHook] INFO  o.s.b.w.e.tomcat.GracefulShutdown - Commencing graceful shutdown. Waiting for active requests to complete
14:37:49.484 [tomcat-shutdown] INFO  o.s.b.w.e.tomcat.GracefulShutdown - Graceful shutdown complete
