14:36:00.014 [http-nio-9090-exec-3] DEBUG o.s.security.web.FilterChainProxy - Securing GET /protected
14:36:00.017 [http-nio-9090-exec-3] DEBUG w.spring.NegotiateSecurityFilter - GET /protected, contentlength: -1
14:36:00.017 [http-nio-9090-exec-3] DEBUG o.s.s.w.a.AnonymousAuthenticationFilter - Set SecurityContextHolder to anonymous SecurityContext
14:36:00.019 [http-nio-9090-exec-3] DEBUG w.s.NegotiateSecurityFilterEntryPoint - [waffle.spring.NegotiateEntryPoint] commence
14:36:02.011 [http-nio-9090-exec-4] DEBUG o.s.security.web.FilterChainProxy - Securing GET /protected
14:36:02.012 [http-nio-9090-exec-4] DEBUG w.spring.NegotiateSecurityFilter - GET /protected, contentlength: -1
14:36:02.012 [http-nio-9090-exec-4] DEBUG o.s.s.w.a.AnonymousAuthenticationFilter - Set SecurityContextHolder to anonymous SecurityContext
14:36:02.012 [http-nio-9090-exec-4] DEBUG w.s.NegotiateSecurityFilterEntryPoint - [waffle.spring.NegotiateEntryPoint] commence
14:36:02.014 [http-nio-9090-exec-5] DEBUG o.s.security.web.FilterChainProxy - Securing GET /protected
14:36:02.015 [http-nio-9090-exec-5] DEBUG w.spring.NegotiateSecurityFilter - GET /protected, contentlength: -1
14:36:02.015 [http-nio-9090-exec-5] DEBUG w.s.s.NegotiateSecurityFilterProvider - security package: NTLM, connection id: 0:0:0:0:0:0:0:1:64268
14:36:02.021 [http-nio-9090-exec-5] DEBUG w.s.s.NegotiateSecurityFilterProvider - token buffer: 32 byte(s)
14:36:02.255 [http-nio-9090-exec-5] ERROR o.a.c.c.C.[.[.[.[dispatcherServlet] - Servlet.service() for servlet [dispatcherServlet] in context with path [] threw exception [Filter execution threw an exception] with root cause
java.lang.UnsatisfiedLinkError: Unable to load library 'Secur32':
dlopen(libSecur32.dylib, 0x0009): tried: 'libSecur32.dylib' (no such file), '/System/Volumes/Preboot/Cryptexes/OSlibSecur32.dylib' (no such file), '/Users/jacobcohen/Library/Java/JavaVirtualMachines/openjdk-17.0.2/Contents/Home/bin/./libSecur32.dylib' (no such file), '/Users/jacobcohen/Library/Java/JavaVirtualMachines/openjdk-17.0.2/Contents/Home/bin/../lib/libSecur32.dylib' (no such file), '/usr/lib/libSecur32.dylib' (no such file, not in dyld cache), 'libSecur32.dylib' (no such file)
dlopen(libSecur32.dylib, 0x0009): tried: 'libSecur32.dylib' (no such file), '/System/Volumes/Preboot/Cryptexes/OSlibSecur32.dylib' (no such file), '/Users/jacobcohen/Library/Java/JavaVirtualMachines/openjdk-17.0.2/Contents/Home/bin/./libSecur32.dylib' (no such file), '/Users/jacobcohen/Library/Java/JavaVirtualMachines/openjdk-17.0.2/Contents/Home/bin/../lib/libSecur32.dylib' (no such file), '/usr/lib/libSecur32.dylib' (no such file, not in dyld cache), 'libSecur32.dylib' (no such file)
dlopen(/Users/jacobcohen/Library/Frameworks/Secur32.framework/Secur32, 0x0009): tried: '/Users/jacobcohen/Library/Frameworks/Secur32.framework/Secur32' (no such file), '/System/Volumes/Preboot/Cryptexes/OS/Users/jacobcohen/Library/Frameworks/Secur32.framework/Secur32' (no such file), '/Users/jacobcohen/Library/Frameworks/Secur32.framework/Secur32' (no such file)
dlopen(/Library/Frameworks/Secur32.framework/Secur32, 0x0009): tried: '/Library/Frameworks/Secur32.framework/Secur32' (no such file), '/System/Volumes/Preboot/Cryptexes/OS/Library/Frameworks/Secur32.framework/Secur32' (no such file), '/Library/Frameworks/Secur32.framework/Secur32' (no such file)
dlopen(/System/Library/Frameworks/Secur32.framework/Secur32, 0x0009): tried: '/System/Library/Frameworks/Secur32.framework/Secur32' (no such file), '/System/Volumes/Preboot/Cryptexes/OS/System/Library/Frameworks/Secur32.framework/Secur32' (no such file), '/System/Library/Frameworks/Secur32.framework/Secur32' (no such file, not in dyld cache)
Native library (darwin-aarch64/libSecur32.dylib) not found in resource path (/Users/jacobcohen/Desktop/software/projects/java/_ge/waffle-spnego-demo/build/classes/java/main:/Users/jacobcohen/Desktop/software/projects/java/_ge/waffle-spnego-demo/build/resources/main:/Users/jacobcohen/.gradle/caches/modules-2/files-2.1/org.springframework.boot/spring-boot-starter-web/3.5.0/29c6198f7e5cd7c4b9a27045d93879e161d6cdd0/spring-boot-starter-web-3.5.0.jar:/Users/jacobcohen/.gradle/caches/modules-2/files-2.1/org.springframework.boot/spring-boot-starter-security/3.5.0/f33d61f93d8a0ded9a1142996d2663105a237e76/spring-boot-starter-security-3.5.0.jar:/Users/jacobcohen/.gradle/caches/modules-2/files-2.1/org.springframework.boot/spring-boot-starter-thymeleaf/3.5.0/d270a37351ef3dfc3fbde3feac3d3c9710337c20/spring-boot-starter-thymeleaf-3.5.0.jar:/Users/jacobcohen/.gradle/caches/modules-2/files-2.1/com.github.waffle/waffle-spring-security6/3.5.1/5b00b98f988f712fe3dc7deaee4f0969e18cb6b9/waffle-spring-security6-3.5.1.jar:/Users/jacobcohen/.gradle/caches/modules-2/files-2.1/ch.qos.logback/logback-classic/1.5.18/fc371f3fc97a639de2d67947cffb7518ec5e3d40/logback-classic-1.5.18.jar:/Users/jacobcohen/.gradle/caches/modules-2/files-2.1/org.slf4j/slf4j-api/2.0.17/d9e58ac9c7779ba3bf8142aff6c830617a7fe60f/slf4j-api-2.0.17.jar:/Users/jacobcohen/.gradle/caches/modules-2/files-2.1/org.springframework.boot/spring-boot-starter-json/3.5.0/af98a526ea3f68c179a6c6199bb1dbe864f43b93/spring-boot-starter-json-3.5.0.jar:/Users/jacobcohen/.gradle/caches/modules-2/files-2.1/org.springframework.boot/spring-boot-starter/3.5.0/f8b02201e89d294514420a586624aa7338d61f4f/spring-boot-starter-3.5.0.jar:/Users/jacobcohen/.gradle/caches/modules-2/files-2.1/org.springframework.boot/spring-boot-starter-tomcat/3.5.0/2e22a33e6f9444a7248581a23541fea5c1f6c216/spring-boot-starter-tomcat-3.5.0.jar:/Users/jacobcohen/.gradle/caches/modules-2/files-2.1/org.springframework/spring-webmvc/6.2.7/a1954b3a51f585c6b8582831661fec981d2571e/spring-webmvc-6.2.7.jar:/Users/jacobcohen/.gradle/caches/modules-2/files-2.1/org.springframework/spring-web/6.2.7/1bd08eba2f2fd69eef49473e42fe124a20e7f844/spring-web-6.2.7.jar:/Users/jacobcohen/.gradle/caches/modules-2/files-2.1/org.springframework.security/spring-security-web/6.5.0/fe36d58e9f3b8510ad8495e2dd4df9ece8e5ee7c/spring-security-web-6.5.0.jar:/Users/jacobcohen/.gradle/caches/modules-2/files-2.1/org.springframework.security/spring-security-config/6.5.0/722e3b1f1e0fa3732f98d6dc69622f6edec2fa1f/spring-security-config-6.5.0.jar:/Users/jacobcohen/.gradle/caches/modules-2/files-2.1/org.springframework/spring-aop/6.2.7/3df3ee9217cb62e65382718351e56f1eeb76e74c/spring-aop-6.2.7.jar:/Users/jacobcohen/.gradle/caches/modules-2/files-2.1/org.thymeleaf/thymeleaf-spring6/3.1.3.RELEASE/4b276ea2bd536a18e44b40ff1d9f4848965ff59c/thymeleaf-spring6-3.1.3.RELEASE.jar:/Users/jacobcohen/.gradle/caches/modules-2/files-2.1/com.github.waffle/waffle-jna-jakarta/3.5.1/a54b03b4de48b62188b183e04313092119f3e247/waffle-jna-jakarta-3.5.1.jar:/Users/jacobcohen/.gradle/caches/modules-2/files-2.1/org.springframework.security/spring-security-core/6.5.0/8aaee0c3b38897272e21dc5545451493c60dbdd0/spring-security-core-6.5.0.jar:/Users/jacobcohen/.gradle/caches/modules-2/files-2.1/org.springframework/spring-context/6.2.7/e0f3850bba7ff52016429e8d2fa39b5107f1fde6/spring-context-6.2.7.jar:/Users/jacobcohen/.gradle/caches/modules-2/files-2.1/org.springframework/spring-beans/6.2.7/64119950b73943f67196705e43acddd7bf714c45/spring-beans-6.2.7.jar:/Users/jacobcohen/.gradle/caches/modules-2/files-2.1/org.springframework/spring-expression/6.2.7/fa525916c85df246fcb70c771d039523dd6f12d9/spring-expression-6.2.7.jar:/Users/jacobcohen/.gradle/caches/modules-2/files-2.1/org.springframework/spring-core/6.2.7/525a228b8b4323568b7aa9e49c1e1df27838adf1/spring-core-6.2.7.jar:/Users/jacobcohen/.gradle/caches/modules-2/files-2.1/net.bytebuddy/byte-buddy/1.17.5/88450f120903b7e72470462cdbd2b75a3842223c/byte-buddy-1.17.5.jar:/Users/jacobcohen/.gradle/caches/modules-2/files-2.1/net.bytebuddy/byte-buddy-agent/1.17.5/58f9507f5f28d1d3e7adfb4ec2fe37c29d332c9b/byte-buddy-agent-1.17.5.jar:/Users/jacobcohen/.gradle/caches/modules-2/files-2.1/ch.qos.logback/logback-core/1.5.18/6c0375624f6f36b4e089e2488ba21334a11ef13f/logback-core-1.5.18.jar:/Users/jacobcohen/.gradle/caches/modules-2/files-2.1/com.fasterxml.jackson.datatype/jackson-datatype-jsr310/2.19.0/4c98a2fa8b35b5ffe102438f747f7b526619fde7/jackson-datatype-jsr310-2.19.0.jar:/Users/jacobcohen/.gradle/caches/modules-2/files-2.1/com.fasterxml.jackson.module/jackson-module-parameter-names/2.19.0/4963234952362539ca73c85b6a423c851f04f1d/jackson-module-parameter-names-2.19.0.jar:/Users/jacobcohen/.gradle/caches/modules-2/files-2.1/com.fasterxml.jackson.datatype/jackson-datatype-jdk8/2.19.0/69312135ff6d6646203b9681fa48505f369210a6/jackson-datatype-jdk8-2.19.0.jar:/Users/jacobcohen/.gradle/caches/modules-2/files-2.1/com.fasterxml.jackson.core/jackson-databind/2.19.0/b3f7506f6414fb04760561eec11a0880165c2a4a/jackson-databind-2.19.0.jar:/Users/jacobcohen/.gradle/caches/modules-2/files-2.1/org.springframework.boot/spring-boot-starter-logging/3.5.0/7db0461d8895f00a9841bf5558501fe90e7eba4c/spring-boot-starter-logging-3.5.0.jar:/Users/jacobcohen/.gradle/caches/modules-2/files-2.1/org.springframework.boot/spring-boot-autoconfigure/3.5.0/a7f8ba40022dd75f20ac0eafe117437a1a7f3935/spring-boot-autoconfigure-3.5.0.jar:/Users/jacobcohen/.gradle/caches/modules-2/files-2.1/org.springframework.boot/spring-boot/3.5.0/ec86afc460265a0219bfafe187acb6c596ac2de1/spring-boot-3.5.0.jar:/Users/jacobcohen/.gradle/caches/modules-2/files-2.1/jakarta.annotation/jakarta.annotation-api/2.1.1/48b9bda22b091b1f48b13af03fe36db3be6e1ae3/jakarta.annotation-api-2.1.1.jar:/Users/jacobcohen/.gradle/caches/modules-2/files-2.1/org.yaml/snakeyaml/2.4/e0666b825b796f85521f02360e77f4c92c5a7a07/snakeyaml-2.4.jar:/Users/jacobcohen/.gradle/caches/modules-2/files-2.1/org.apache.tomcat.embed/tomcat-embed-websocket/10.1.41/d696393d5949252ed8d561184df118b3ca5efd07/tomcat-embed-websocket-10.1.41.jar:/Users/jacobcohen/.gradle/caches/modules-2/files-2.1/org.apache.tomcat.embed/tomcat-embed-core/10.1.41/bcf9c79a4508fd36c93babc83823c09b3aa2d510/tomcat-embed-core-10.1.41.jar:/Users/jacobcohen/.gradle/caches/modules-2/files-2.1/org.apache.tomcat.embed/tomcat-embed-el/10.1.41/5ca28d87f558ce31b9952dc9592f46633dc5d7a3/tomcat-embed-el-10.1.41.jar:/Users/jacobcohen/.gradle/caches/modules-2/files-2.1/io.micrometer/micrometer-observation/1.15.0/1bcd42cb00aead4d441038fa86b0e6b41922e254/micrometer-observation-1.15.0.jar:/Users/jacobcohen/.gradle/caches/modules-2/files-2.1/org.thymeleaf/thymeleaf/3.1.3.RELEASE/51474f2a90b282ee97dabcd159c7faf24790f373/thymeleaf-3.1.3.RELEASE.jar:/Users/jacobcohen/.gradle/caches/modules-2/files-2.1/net.java.dev.jna/jna-platform/5.16.0/b2a9065f97c166893d504b164706512338e3bbc2/jna-platform-5.16.0.jar:/Users/jacobcohen/.gradle/caches/modules-2/files-2.1/net.java.dev.jna/jna/5.16.0/ebea09f91dc9f7048099f963fb8d6f919f0a4d9c/jna-5.16.0.jar:/Users/jacobcohen/.gradle/caches/modules-2/files-2.1/com.github.ben-manes.caffeine/caffeine/3.2.0/35eba09997476a39492ac7f7b2bb0e8292c09d17/caffeine-3.2.0.jar:/Users/jacobcohen/.gradle/caches/modules-2/files-2.1/org.checkerframework/checker-qual/3.48.3/c48effe7d78de3cf5e8a98c614281ec6a2466a77/checker-qual-3.48.3.jar:/Users/jacobcohen/.gradle/caches/modules-2/files-2.1/org.springframework.security/spring-security-crypto/6.5.0/d3f68d9c0ea8ff9c02db090db5f8838481f8c5a/spring-security-crypto-6.5.0.jar:/Users/jacobcohen/.gradle/caches/modules-2/files-2.1/org.springframework/spring-jcl/6.2.7/16b5f3446a6fcf097f4910c935086d08db657653/spring-jcl-6.2.7.jar:/Users/jacobcohen/.gradle/caches/modules-2/files-2.1/com.fasterxml.jackson.core/jackson-annotations/2.19.0/fd1e7c56de1e5b658563c8c66d5074cceb4e3a0b/jackson-annotations-2.19.0.jar:/Users/jacobcohen/.gradle/caches/modules-2/files-2.1/com.fasterxml.jackson.core/jackson-core/2.19.0/a90640e59ea42632a8e331ff1d6b706cf306050a/jackson-core-2.19.0.jar:/Users/jacobcohen/.gradle/caches/modules-2/files-2.1/org.apache.logging.log4j/log4j-to-slf4j/2.24.3/da1143e2a2531ee1c2d90baa98eb50a28a39d5a7/log4j-to-slf4j-2.24.3.jar:/Users/jacobcohen/.gradle/caches/modules-2/files-2.1/org.slf4j/jul-to-slf4j/2.0.17/524cb6ccc2b68a57604750e1ab8b13b5a786a6aa/jul-to-slf4j-2.0.17.jar:/Users/jacobcohen/.gradle/caches/modules-2/files-2.1/io.micrometer/micrometer-commons/1.15.0/a796f0418b2e0fe42988a1ca6e240d8b3fb5e954/micrometer-commons-1.15.0.jar:/Users/jacobcohen/.gradle/caches/modules-2/files-2.1/org.attoparser/attoparser/2.0.7.RELEASE/e5d0e988d9124139d645bb5872b24dfa23e283cc/attoparser-2.0.7.RELEASE.jar:/Users/jacobcohen/.gradle/caches/modules-2/files-2.1/org.unbescape/unbescape/1.1.6.RELEASE/7b90360afb2b860e09e8347112800d12c12b2a13/unbescape-1.1.6.RELEASE.jar:/Users/jacobcohen/.gradle/caches/modules-2/files-2.1/org.jspecify/jspecify/1.0.0/7425a601c1c7ec76645a78d22b8c6a627edee507/jspecify-1.0.0.jar:/Users/jacobcohen/.gradle/caches/modules-2/files-2.1/com.google.errorprone/error_prone_annotations/2.36.0/227d4d4957ccc3dc5761bd897e3a0ee587e750a7/error_prone_annotations-2.36.0.jar:/Users/jacobcohen/.gradle/caches/modules-2/files-2.1/org.apache.logging.log4j/log4j-api/2.24.3/b02c125db8b6d295adf72ae6e71af5d83bce2370/log4j-api-2.24.3.jar)
	at com.sun.jna.NativeLibrary.loadLibrary(NativeLibrary.java:325)
	at com.sun.jna.NativeLibrary.getInstance(NativeLibrary.java:481)
	at com.sun.jna.Library$Handler.<init>(Library.java:197)
	at com.sun.jna.Native.load(Native.java:618)
	at com.sun.jna.platform.win32.Secur32.<clinit>(Secur32.java:45)
	at waffle.windows.auth.impl.WindowsCredentialsHandleImpl.initialize(WindowsCredentialsHandleImpl.java:92)
	at waffle.windows.auth.impl.WindowsAuthProviderImpl.acceptSecurityToken(WindowsAuthProviderImpl.java:123)
	at waffle.servlet.spi.NegotiateSecurityFilterProvider.doFilter(NegotiateSecurityFilterProvider.java:137)
	at waffle.servlet.spi.SecurityFilterProviderCollection.doFilter(SecurityFilterProviderCollection.java:159)
	at waffle.spring.NegotiateSecurityFilter.doFilter(NegotiateSecurityFilter.java:108)
	at org.springframework.security.web.FilterChainProxy$VirtualFilterChain.doFilter(FilterChainProxy.java:374)
	at org.springframework.security.web.header.HeaderWriterFilter.doHeadersAfter(HeaderWriterFilter.java:90)
	at org.springframework.security.web.header.HeaderWriterFilter.doFilterInternal(HeaderWriterFilter.java:75)
	at org.springframework.web.filter.OncePerRequestFilter.doFilter(OncePerRequestFilter.java:116)
	at org.springframework.security.web.FilterChainProxy$VirtualFilterChain.doFilter(FilterChainProxy.java:374)
	at org.springframework.security.web.context.SecurityContextHolderFilter.doFilter(SecurityContextHolderFilter.java:82)
	at org.springframework.security.web.context.SecurityContextHolderFilter.doFilter(SecurityContextHolderFilter.java:69)
	at org.springframework.security.web.FilterChainProxy$VirtualFilterChain.doFilter(FilterChainProxy.java:374)
	at org.springframework.security.web.context.request.async.WebAsyncManagerIntegrationFilter.doFilterInternal(WebAsyncManagerIntegrationFilter.java:62)
	at org.springframework.web.filter.OncePerRequestFilter.doFilter(OncePerRequestFilter.java:116)
	at org.springframework.security.web.FilterChainProxy$VirtualFilterChain.doFilter(FilterChainProxy.java:374)
	at org.springframework.security.web.session.DisableEncodeUrlFilter.doFilterInternal(DisableEncodeUrlFilter.java:42)
	at org.springframework.web.filter.OncePerRequestFilter.doFilter(OncePerRequestFilter.java:116)
	at org.springframework.security.web.FilterChainProxy$VirtualFilterChain.doFilter(FilterChainProxy.java:374)
	at org.springframework.security.web.FilterChainProxy.doFilterInternal(FilterChainProxy.java:233)
	at org.springframework.security.web.FilterChainProxy.doFilter(FilterChainProxy.java:191)
	at org.springframework.web.filter.CompositeFilter$VirtualFilterChain.doFilter(CompositeFilter.java:113)
	at org.springframework.web.filter.ServletRequestPathFilter.doFilter(ServletRequestPathFilter.java:52)
	at org.springframework.web.filter.CompositeFilter$VirtualFilterChain.doFilter(CompositeFilter.java:113)
	at org.springframework.web.filter.CompositeFilter.doFilter(CompositeFilter.java:74)
	at org.springframework.security.config.annotation.web.configuration.WebSecurityConfiguration$CompositeFilterChainProxy.doFilter(WebSecurityConfiguration.java:319)
	at org.springframework.web.filter.CompositeFilter$VirtualFilterChain.doFilter(CompositeFilter.java:113)
	at org.springframework.web.servlet.handler.HandlerMappingIntrospector.lambda$createCacheFilter$3(HandlerMappingIntrospector.java:243)
	at org.springframework.web.filter.CompositeFilter$VirtualFilterChain.doFilter(CompositeFilter.java:113)
	at org.springframework.web.filter.CompositeFilter.doFilter(CompositeFilter.java:74)
	at org.springframework.security.config.annotation.web.configuration.WebMvcSecurityConfiguration$CompositeFilterChainProxy.doFilter(WebMvcSecurityConfiguration.java:240)
	at org.springframework.web.filter.DelegatingFilterProxy.invokeDelegate(DelegatingFilterProxy.java:362)
	at org.springframework.web.filter.DelegatingFilterProxy.doFilter(DelegatingFilterProxy.java:278)
	at org.apache.catalina.core.ApplicationFilterChain.internalDoFilter(ApplicationFilterChain.java:164)
	at org.apache.catalina.core.ApplicationFilterChain.doFilter(ApplicationFilterChain.java:140)
	at org.springframework.web.filter.RequestContextFilter.doFilterInternal(RequestContextFilter.java:100)
	at org.springframework.web.filter.OncePerRequestFilter.doFilter(OncePerRequestFilter.java:116)
	at org.apache.catalina.core.ApplicationFilterChain.internalDoFilter(ApplicationFilterChain.java:164)
	at org.apache.catalina.core.ApplicationFilterChain.doFilter(ApplicationFilterChain.java:140)
	at org.springframework.web.filter.FormContentFilter.doFilterInternal(FormContentFilter.java:93)
	at org.springframework.web.filter.OncePerRequestFilter.doFilter(OncePerRequestFilter.java:116)
	at org.apache.catalina.core.ApplicationFilterChain.internalDoFilter(ApplicationFilterChain.java:164)
	at org.apache.catalina.core.ApplicationFilterChain.doFilter(ApplicationFilterChain.java:140)
	at org.springframework.web.filter.CharacterEncodingFilter.doFilterInternal(CharacterEncodingFilter.java:201)
	at org.springframework.web.filter.OncePerRequestFilter.doFilter(OncePerRequestFilter.java:116)
	at org.apache.catalina.core.ApplicationFilterChain.internalDoFilter(ApplicationFilterChain.java:164)
	at org.apache.catalina.core.ApplicationFilterChain.doFilter(ApplicationFilterChain.java:140)
	at org.apache.catalina.core.StandardWrapperValve.invoke(StandardWrapperValve.java:167)
	at org.apache.catalina.core.StandardContextValve.invoke(StandardContextValve.java:90)
	at org.apache.catalina.authenticator.AuthenticatorBase.invoke(AuthenticatorBase.java:483)
	at org.apache.catalina.core.StandardHostValve.invoke(StandardHostValve.java:116)
	at org.apache.catalina.valves.ErrorReportValve.invoke(ErrorReportValve.java:93)
	at org.apache.catalina.core.StandardEngineValve.invoke(StandardEngineValve.java:74)
	at org.apache.catalina.connector.CoyoteAdapter.service(CoyoteAdapter.java:344)
	at org.apache.coyote.http11.Http11Processor.service(Http11Processor.java:398)
	at org.apache.coyote.AbstractProcessorLight.process(AbstractProcessorLight.java:63)
	at org.apache.coyote.AbstractProtocol$ConnectionHandler.process(AbstractProtocol.java:903)
	at org.apache.tomcat.util.net.NioEndpoint$SocketProcessor.doRun(NioEndpoint.java:1740)
	at org.apache.tomcat.util.net.SocketProcessorBase.run(SocketProcessorBase.java:52)
	at org.apache.tomcat.util.threads.ThreadPoolExecutor.runWorker(ThreadPoolExecutor.java:1189)
	at org.apache.tomcat.util.threads.ThreadPoolExecutor$Worker.run(ThreadPoolExecutor.java:658)
	at org.apache.tomcat.util.threads.TaskThread$WrappingRunnable.run(TaskThread.java:63)
	at java.base/java.lang.Thread.run(Thread.java:833)
	Suppressed: java.lang.UnsatisfiedLinkError: dlopen(libSecur32.dylib, 0x0009): tried: 'libSecur32.dylib' (no such file), '/System/Volumes/Preboot/Cryptexes/OSlibSecur32.dylib' (no such file), '/Users/jacobcohen/Library/Java/JavaVirtualMachines/openjdk-17.0.2/Contents/Home/bin/./libSecur32.dylib' (no such file), '/Users/jacobcohen/Library/Java/JavaVirtualMachines/openjdk-17.0.2/Contents/Home/bin/../lib/libSecur32.dylib' (no such file), '/usr/lib/libSecur32.dylib' (no such file, not in dyld cache), 'libSecur32.dylib' (no such file)
		at com.sun.jna.Native.open(Native Method)
		at com.sun.jna.NativeLibrary.loadLibrary(NativeLibrary.java:213)
		... 67 common frames omitted
	Suppressed: java.lang.UnsatisfiedLinkError: dlopen(libSecur32.dylib, 0x0009): tried: 'libSecur32.dylib' (no such file), '/System/Volumes/Preboot/Cryptexes/OSlibSecur32.dylib' (no such file), '/Users/jacobcohen/Library/Java/JavaVirtualMachines/openjdk-17.0.2/Contents/Home/bin/./libSecur32.dylib' (no such file), '/Users/jacobcohen/Library/Java/JavaVirtualMachines/openjdk-17.0.2/Contents/Home/bin/../lib/libSecur32.dylib' (no such file), '/usr/lib/libSecur32.dylib' (no such file, not in dyld cache), 'libSecur32.dylib' (no such file)
		at com.sun.jna.Native.open(Native Method)
		at com.sun.jna.NativeLibrary.loadLibrary(NativeLibrary.java:226)
		... 67 common frames omitted
	Suppressed: java.lang.UnsatisfiedLinkError: dlopen(/Users/jacobcohen/Library/Frameworks/Secur32.framework/Secur32, 0x0009): tried: '/Users/jacobcohen/Library/Frameworks/Secur32.framework/Secur32' (no such file), '/System/Volumes/Preboot/Cryptexes/OS/Users/jacobcohen/Library/Frameworks/Secur32.framework/Secur32' (no such file), '/Users/jacobcohen/Library/Frameworks/Secur32.framework/Secur32' (no such file)
		at com.sun.jna.Native.open(Native Method)
		at com.sun.jna.NativeLibrary.loadLibrary(NativeLibrary.java:270)
		... 67 common frames omitted
	Suppressed: java.lang.UnsatisfiedLinkError: dlopen(/Library/Frameworks/Secur32.framework/Secur32, 0x0009): tried: '/Library/Frameworks/Secur32.framework/Secur32' (no such file), '/System/Volumes/Preboot/Cryptexes/OS/Library/Frameworks/Secur32.framework/Secur32' (no such file), '/Library/Frameworks/Secur32.framework/Secur32' (no such file)
		at com.sun.jna.Native.open(Native Method)
		at com.sun.jna.NativeLibrary.loadLibrary(NativeLibrary.java:270)
		... 67 common frames omitted
	Suppressed: java.lang.UnsatisfiedLinkError: dlopen(/System/Library/Frameworks/Secur32.framework/Secur32, 0x0009): tried: '/System/Library/Frameworks/Secur32.framework/Secur32' (no such file), '/System/Volumes/Preboot/Cryptexes/OS/System/Library/Frameworks/Secur32.framework/Secur32' (no such file), '/System/Library/Frameworks/Secur32.framework/Secur32' (no such file, not in dyld cache)
		at com.sun.jna.Native.open(Native Method)
		at com.sun.jna.NativeLibrary.loadLibrary(NativeLibrary.java:270)
		... 67 common frames omitted
	Suppressed: java.io.IOException: Native library (darwin-aarch64/libSecur32.dylib) not found in resource path (/Users/jacobcohen/Desktop/software/projects/java/_ge/waffle-spnego-demo/build/classes/java/main:/Users/jacobcohen/Desktop/software/projects/java/_ge/waffle-spnego-demo/build/resources/main:/Users/jacobcohen/.gradle/caches/modules-2/files-2.1/org.springframework.boot/spring-boot-starter-web/3.5.0/29c6198f7e5cd7c4b9a27045d93879e161d6cdd0/spring-boot-starter-web-3.5.0.jar:/Users/jacobcohen/.gradle/caches/modules-2/files-2.1/org.springframework.boot/spring-boot-starter-security/3.5.0/f33d61f93d8a0ded9a1142996d2663105a237e76/spring-boot-starter-security-3.5.0.jar:/Users/jacobcohen/.gradle/caches/modules-2/files-2.1/org.springframework.boot/spring-boot-starter-thymeleaf/3.5.0/d270a37351ef3dfc3fbde3feac3d3c9710337c20/spring-boot-starter-thymeleaf-3.5.0.jar:/Users/jacobcohen/.gradle/caches/modules-2/files-2.1/com.github.waffle/waffle-spring-security6/3.5.1/5b00b98f988f712fe3dc7deaee4f0969e18cb6b9/waffle-spring-security6-3.5.1.jar:/Users/jacobcohen/.gradle/caches/modules-2/files-2.1/ch.qos.logback/logback-classic/1.5.18/fc371f3fc97a639de2d67947cffb7518ec5e3d40/logback-classic-1.5.18.jar:/Users/jacobcohen/.gradle/caches/modules-2/files-2.1/org.slf4j/slf4j-api/2.0.17/d9e58ac9c7779ba3bf8142aff6c830617a7fe60f/slf4j-api-2.0.17.jar:/Users/jacobcohen/.gradle/caches/modules-2/files-2.1/org.springframework.boot/spring-boot-starter-json/3.5.0/af98a526ea3f68c179a6c6199bb1dbe864f43b93/spring-boot-starter-json-3.5.0.jar:/Users/jacobcohen/.gradle/caches/modules-2/files-2.1/org.springframework.boot/spring-boot-starter/3.5.0/f8b02201e89d294514420a586624aa7338d61f4f/spring-boot-starter-3.5.0.jar:/Users/jacobcohen/.gradle/caches/modules-2/files-2.1/org.springframework.boot/spring-boot-starter-tomcat/3.5.0/2e22a33e6f9444a7248581a23541fea5c1f6c216/spring-boot-starter-tomcat-3.5.0.jar:/Users/jacobcohen/.gradle/caches/modules-2/files-2.1/org.springframework/spring-webmvc/6.2.7/a1954b3a51f585c6b8582831661fec981d2571e/spring-webmvc-6.2.7.jar:/Users/jacobcohen/.gradle/caches/modules-2/files-2.1/org.springframework/spring-web/6.2.7/1bd08eba2f2fd69eef49473e42fe124a20e7f844/spring-web-6.2.7.jar:/Users/jacobcohen/.gradle/caches/modules-2/files-2.1/org.springframework.security/spring-security-web/6.5.0/fe36d58e9f3b8510ad8495e2dd4df9ece8e5ee7c/spring-security-web-6.5.0.jar:/Users/jacobcohen/.gradle/caches/modules-2/files-2.1/org.springframework.security/spring-security-config/6.5.0/722e3b1f1e0fa3732f98d6dc69622f6edec2fa1f/spring-security-config-6.5.0.jar:/Users/jacobcohen/.gradle/caches/modules-2/files-2.1/org.springframework/spring-aop/6.2.7/3df3ee9217cb62e65382718351e56f1eeb76e74c/spring-aop-6.2.7.jar:/Users/jacobcohen/.gradle/caches/modules-2/files-2.1/org.thymeleaf/thymeleaf-spring6/3.1.3.RELEASE/4b276ea2bd536a18e44b40ff1d9f4848965ff59c/thymeleaf-spring6-3.1.3.RELEASE.jar:/Users/jacobcohen/.gradle/caches/modules-2/files-2.1/com.github.waffle/waffle-jna-jakarta/3.5.1/a54b03b4de48b62188b183e04313092119f3e247/waffle-jna-jakarta-3.5.1.jar:/Users/jacobcohen/.gradle/caches/modules-2/files-2.1/org.springframework.security/spring-security-core/6.5.0/8aaee0c3b38897272e21dc5545451493c60dbdd0/spring-security-core-6.5.0.jar:/Users/jacobcohen/.gradle/caches/modules-2/files-2.1/org.springframework/spring-context/6.2.7/e0f3850bba7ff52016429e8d2fa39b5107f1fde6/spring-context-6.2.7.jar:/Users/jacobcohen/.gradle/caches/modules-2/files-2.1/org.springframework/spring-beans/6.2.7/64119950b73943f67196705e43acddd7bf714c45/spring-beans-6.2.7.jar:/Users/jacobcohen/.gradle/caches/modules-2/files-2.1/org.springframework/spring-expression/6.2.7/fa525916c85df246fcb70c771d039523dd6f12d9/spring-expression-6.2.7.jar:/Users/jacobcohen/.gradle/caches/modules-2/files-2.1/org.springframework/spring-core/6.2.7/525a228b8b4323568b7aa9e49c1e1df27838adf1/spring-core-6.2.7.jar:/Users/jacobcohen/.gradle/caches/modules-2/files-2.1/net.bytebuddy/byte-buddy/1.17.5/88450f120903b7e72470462cdbd2b75a3842223c/byte-buddy-1.17.5.jar:/Users/jacobcohen/.gradle/caches/modules-2/files-2.1/net.bytebuddy/byte-buddy-agent/1.17.5/58f9507f5f28d1d3e7adfb4ec2fe37c29d332c9b/byte-buddy-agent-1.17.5.jar:/Users/jacobcohen/.gradle/caches/modules-2/files-2.1/ch.qos.logback/logback-core/1.5.18/6c0375624f6f36b4e089e2488ba21334a11ef13f/logback-core-1.5.18.jar:/Users/jacobcohen/.gradle/caches/modules-2/files-2.1/com.fasterxml.jackson.datatype/jackson-datatype-jsr310/2.19.0/4c98a2fa8b35b5ffe102438f747f7b526619fde7/jackson-datatype-jsr310-2.19.0.jar:/Users/jacobcohen/.gradle/caches/modules-2/files-2.1/com.fasterxml.jackson.module/jackson-module-parameter-names/2.19.0/4963234952362539ca73c85b6a423c851f04f1d/jackson-module-parameter-names-2.19.0.jar:/Users/jacobcohen/.gradle/caches/modules-2/files-2.1/com.fasterxml.jackson.datatype/jackson-datatype-jdk8/2.19.0/69312135ff6d6646203b9681fa48505f369210a6/jackson-datatype-jdk8-2.19.0.jar:/Users/jacobcohen/.gradle/caches/modules-2/files-2.1/com.fasterxml.jackson.core/jackson-databind/2.19.0/b3f7506f6414fb04760561eec11a0880165c2a4a/jackson-databind-2.19.0.jar:/Users/jacobcohen/.gradle/caches/modules-2/files-2.1/org.springframework.boot/spring-boot-starter-logging/3.5.0/7db0461d8895f00a9841bf5558501fe90e7eba4c/spring-boot-starter-logging-3.5.0.jar:/Users/jacobcohen/.gradle/caches/modules-2/files-2.1/org.springframework.boot/spring-boot-autoconfigure/3.5.0/a7f8ba40022dd75f20ac0eafe117437a1a7f3935/spring-boot-autoconfigure-3.5.0.jar:/Users/jacobcohen/.gradle/caches/modules-2/files-2.1/org.springframework.boot/spring-boot/3.5.0/ec86afc460265a0219bfafe187acb6c596ac2de1/spring-boot-3.5.0.jar:/Users/jacobcohen/.gradle/caches/modules-2/files-2.1/jakarta.annotation/jakarta.annotation-api/2.1.1/48b9bda22b091b1f48b13af03fe36db3be6e1ae3/jakarta.annotation-api-2.1.1.jar:/Users/jacobcohen/.gradle/caches/modules-2/files-2.1/org.yaml/snakeyaml/2.4/e0666b825b796f85521f02360e77f4c92c5a7a07/snakeyaml-2.4.jar:/Users/jacobcohen/.gradle/caches/modules-2/files-2.1/org.apache.tomcat.embed/tomcat-embed-websocket/10.1.41/d696393d5949252ed8d561184df118b3ca5efd07/tomcat-embed-websocket-10.1.41.jar:/Users/jacobcohen/.gradle/caches/modules-2/files-2.1/org.apache.tomcat.embed/tomcat-embed-core/10.1.41/bcf9c79a4508fd36c93babc83823c09b3aa2d510/tomcat-embed-core-10.1.41.jar:/Users/jacobcohen/.gradle/caches/modules-2/files-2.1/org.apache.tomcat.embed/tomcat-embed-el/10.1.41/5ca28d87f558ce31b9952dc9592f46633dc5d7a3/tomcat-embed-el-10.1.41.jar:/Users/jacobcohen/.gradle/caches/modules-2/files-2.1/io.micrometer/micrometer-observation/1.15.0/1bcd42cb00aead4d441038fa86b0e6b41922e254/micrometer-observation-1.15.0.jar:/Users/jacobcohen/.gradle/caches/modules-2/files-2.1/org.thymeleaf/thymeleaf/3.1.3.RELEASE/51474f2a90b282ee97dabcd159c7faf24790f373/thymeleaf-3.1.3.RELEASE.jar:/Users/jacobcohen/.gradle/caches/modules-2/files-2.1/net.java.dev.jna/jna-platform/5.16.0/b2a9065f97c166893d504b164706512338e3bbc2/jna-platform-5.16.0.jar:/Users/jacobcohen/.gradle/caches/modules-2/files-2.1/net.java.dev.jna/jna/5.16.0/ebea09f91dc9f7048099f963fb8d6f919f0a4d9c/jna-5.16.0.jar:/Users/jacobcohen/.gradle/caches/modules-2/files-2.1/com.github.ben-manes.caffeine/caffeine/3.2.0/35eba09997476a39492ac7f7b2bb0e8292c09d17/caffeine-3.2.0.jar:/Users/jacobcohen/.gradle/caches/modules-2/files-2.1/org.checkerframework/checker-qual/3.48.3/c48effe7d78de3cf5e8a98c614281ec6a2466a77/checker-qual-3.48.3.jar:/Users/jacobcohen/.gradle/caches/modules-2/files-2.1/org.springframework.security/spring-security-crypto/6.5.0/d3f68d9c0ea8ff9c02db090db5f8838481f8c5a/spring-security-crypto-6.5.0.jar:/Users/jacobcohen/.gradle/caches/modules-2/files-2.1/org.springframework/spring-jcl/6.2.7/16b5f3446a6fcf097f4910c935086d08db657653/spring-jcl-6.2.7.jar:/Users/jacobcohen/.gradle/caches/modules-2/files-2.1/com.fasterxml.jackson.core/jackson-annotations/2.19.0/fd1e7c56de1e5b658563c8c66d5074cceb4e3a0b/jackson-annotations-2.19.0.jar:/Users/jacobcohen/.gradle/caches/modules-2/files-2.1/com.fasterxml.jackson.core/jackson-core/2.19.0/a90640e59ea42632a8e331ff1d6b706cf306050a/jackson-core-2.19.0.jar:/Users/jacobcohen/.gradle/caches/modules-2/files-2.1/org.apache.logging.log4j/log4j-to-slf4j/2.24.3/da1143e2a2531ee1c2d90baa98eb50a28a39d5a7/log4j-to-slf4j-2.24.3.jar:/Users/jacobcohen/.gradle/caches/modules-2/files-2.1/org.slf4j/jul-to-slf4j/2.0.17/524cb6ccc2b68a57604750e1ab8b13b5a786a6aa/jul-to-slf4j-2.0.17.jar:/Users/jacobcohen/.gradle/caches/modules-2/files-2.1/io.micrometer/micrometer-commons/1.15.0/a796f0418b2e0fe42988a1ca6e240d8b3fb5e954/micrometer-commons-1.15.0.jar:/Users/jacobcohen/.gradle/caches/modules-2/files-2.1/org.attoparser/attoparser/2.0.7.RELEASE/e5d0e988d9124139d645bb5872b24dfa23e283cc/attoparser-2.0.7.RELEASE.jar:/Users/jacobcohen/.gradle/caches/modules-2/files-2.1/org.unbescape/unbescape/1.1.6.RELEASE/7b90360afb2b860e09e8347112800d12c12b2a13/unbescape-1.1.6.RELEASE.jar:/Users/jacobcohen/.gradle/caches/modules-2/files-2.1/org.jspecify/jspecify/1.0.0/7425a601c1c7ec76645a78d22b8c6a627edee507/jspecify-1.0.0.jar:/Users/jacobcohen/.gradle/caches/modules-2/files-2.1/com.google.errorprone/error_prone_annotations/2.36.0/227d4d4957ccc3dc5761bd897e3a0ee587e750a7/error_prone_annotations-2.36.0.jar:/Users/jacobcohen/.gradle/caches/modules-2/files-2.1/org.apache.logging.log4j/log4j-api/2.24.3/b02c125db8b6d295adf72ae6e71af5d83bce2370/log4j-api-2.24.3.jar)
		at com.sun.jna.Native.extractFromResourcePath(Native.java:1141)
		at com.sun.jna.NativeLibrary.loadLibrary(NativeLibrary.java:297)
		... 67 common frames omitted
