10:20:02.550 [main] INFO  c.e.WaffleSpnegoDemoApplication - Starting WaffleSpnegoDemoApplication using Java 17.0.2 with PID 47790 (/Users/jacobcohen/Desktop/software/projects/java/_ge/waffle-spnego-demo/build/classes/java/main started by jacobcohen in /Users/jacobcohen/Desktop/software/projects/java/_ge/waffle-spnego-demo)
10:20:02.551 [main] INFO  c.e.WaffleSpnegoDemoApplication - No active profile set, falling back to 1 default profile: "default"
10:20:03.037 [main] INFO  o.s.b.w.e.tomcat.TomcatWebServer - Tomcat initialized with port 9090 (http)
10:20:03.045 [main] INFO  o.a.coyote.http11.Http11NioProtocol - Initializing ProtocolHandler ["http-nio-9090"]
10:20:03.046 [main] INFO  o.a.catalina.core.StandardService - Starting service [Tomcat]
10:20:03.046 [main] INFO  o.a.catalina.core.StandardEngine - Starting Servlet engine: [Apache Tomcat/10.1.41]
10:20:03.074 [main] INFO  o.a.c.c.C.[Tomcat].[localhost].[/] - Initializing Spring embedded WebApplicationContext
10:20:03.075 [main] INFO  o.s.b.w.s.c.ServletWebServerApplicationContext - Root WebApplicationContext: initialization completed in 506 ms
10:20:03.099 [main] INFO  w.s.s.SecurityFilterProviderCollection - using 'waffle.servlet.spi.NegotiateSecurityFilterProvider'
10:20:03.100 [main] DEBUG w.spring.NegotiateSecurityFilter - [waffle.spring.NegotiateSecurityFilter] loaded
10:20:03.118 [main] DEBUG w.spring.NegotiateSecurityFilter - Filter 'waffleNegotiateSecurityFilter' configured for use
10:20:03.129 [main] DEBUG w.s.NegotiateSecurityFilterEntryPoint - [waffle.spring.NegotiateEntryPoint] loaded
10:20:03.207 [main] WARN  o.s.b.a.s.s.UserDetailsServiceAutoConfiguration - 

Using generated security password: e5d03f9f-6c46-41a2-bf12-74d1c93573f0

This generated password is for development use only. Your security configuration must be updated before running your application in production.

10:20:03.209 [main] INFO  o.s.s.c.a.a.c.InitializeUserDetailsBeanManagerConfigurer$InitializeUserDetailsManagerConfigurer - Global AuthenticationManager configured with UserDetailsService bean with name inMemoryUserDetailsManager
10:20:03.239 [main] WARN  o.s.s.c.a.web.builders.WebSecurity - You are asking Spring Security to ignore Deferred [Mvc [pattern='/static/**'], Ant [pattern='/static/**']]. This is not recommended -- please use permitAll via HttpSecurity#authorizeHttpRequests instead.
10:20:03.240 [main] WARN  o.s.s.c.a.web.builders.WebSecurity - You are asking Spring Security to ignore Deferred [Mvc [pattern='/favicon.ico'], Ant [pattern='/favicon.ico']]. This is not recommended -- please use permitAll via HttpSecurity#authorizeHttpRequests instead.
10:20:03.240 [main] WARN  o.s.s.c.a.web.builders.WebSecurity - You are asking Spring Security to ignore Deferred [Mvc [pattern='/error'], Ant [pattern='/error']]. This is not recommended -- please use permitAll via HttpSecurity#authorizeHttpRequests instead.
10:20:03.281 [main] WARN  o.s.b.a.t.ThymeleafAutoConfiguration$DefaultTemplateResolverConfiguration - Cannot find template location: classpath:/templates/ (please add some templates, check your Thymeleaf configuration, or set spring.thymeleaf.check-template-location=false)
10:20:03.320 [main] INFO  o.a.coyote.http11.Http11NioProtocol - Starting ProtocolHandler ["http-nio-9090"]
10:20:03.331 [main] INFO  o.s.b.w.e.tomcat.TomcatWebServer - Tomcat started on port 9090 (http) with context path '/'
10:20:03.336 [main] INFO  c.e.WaffleSpnegoDemoApplication - Started WaffleSpnegoDemoApplication in 0.951 seconds (process running for 1.314)
10:20:36.028 [SpringApplicationShutdownHook] INFO  o.s.b.w.e.tomcat.GracefulShutdown - Commencing graceful shutdown. Waiting for active requests to complete
10:20:36.034 [tomcat-shutdown] INFO  o.s.b.w.e.tomcat.GracefulShutdown - Graceful shutdown complete
